Change Component Footprint: Designator=VT1 Old Footprint=SOT223 New Footprint=SOT23
Added Component: Designator=DD?(4244.256-3)
Add component (AddParameter): Name = "ComponentLink1Description"; Value = "DataSheet"; VariantName = "[No Variations]"
Add component (AddParameter): Name = "ComponentLink1Url"; Value = "http://is/datasheet/files/AD_Library_Pdf/Microchip/1986VE8.PDF"; VariantName = "[No Variations]"
Add component (AddParameter): Name = "Device Type"; Value = "??????????"; VariantName = "[No Variations]"
Add component (AddParameter): Name = "ManufacturerPartNumber"; Value = "?????????? 1986??8? ????.431290.107??"; VariantName = "[No Variations]"
Add component (AddParameter): Name = "Nominal"; Value = "0"; VariantName = "[No Variations]"
Add component (AddParameter): Name = "Part Number"; Value = "1986??8?"; VariantName = "[No Variations]"
Add component (AddParameter): Name = "TetaJC, °C/??"; Value = "2.8"; VariantName = "[No Variations]"
Add component (AddParameter): Name = "Value"; Value = "0"; VariantName = "[No Variations]"
Add component (AddParameter): Name = "??? ???????"; Value = "5"; VariantName = "[No Variations]"
Add component (AddParameter): Name = "????"; Value = "????.431290.107??"; VariantName = "[No Variations]"
Add component (AddParameter): Name = "?????????? ???????"; Value = "–"; VariantName = "[No Variations]"
Add component (AddParameter): Name = "?????"; Value = "??????????"; VariantName = "[No Variations]"
Add component (AddParameter): Name = "???? Imbase"; Value = "i60026C50B6529001E4F"; VariantName = "[No Variations]"
Add component (AddParameter): Name = "???-?? ???? SMD"; Value = "256"; VariantName = "[No Variations]"
Add component (AddParameter): Name = "???-?? ???? ????????"; Value = "0"; VariantName = "[No Variations]"
Add component (AddParameter): Name = "??????"; Value = "4244.256-3"; VariantName = "[No Variations]"
Add component (AddParameter): Name = "?????, ?? ?????, ?"; Value = "20"; VariantName = "[No Variations]"
Add component (AddParameter): Name = "????????? ?? ??????, ?"; Value = "120000"; VariantName = "[No Variations]"
Add component (AddParameter): Name = "??"; Value = "V"; VariantName = "[No Variations]"
Add component (AddParameter): Name = "???"; Value = "V"; VariantName = "[No Variations]"
Add component (AddParameter): Name = "?????????????"; Value = "+_???1-6,+_?,+_?,+_?,?,?_?,?_?,???,???,?,?,??,??_?,???7"; VariantName = "[No Variations]"
Add component (AddParameter): Name = "??????????"; Value = "??????????? ?????"; VariantName = "[No Variations]"
Added Member To Class: ClassName=NixieClock Member=Component DD? 1986??8?
Added Member To Class: ClassName=NixieClock Member=Component DD? FT232RL
