Change Component Designator: OldDesignator=C1 NewDesignator=C10
Change Component Designator: OldDesignator=C2 NewDesignator=C11
Change Component Designator: OldDesignator=C3 NewDesignator=C1
Change Component Designator: OldDesignator=C5 NewDesignator=C6
Change Component Designator: OldDesignator=C6 NewDesignator=C7
Change Component Designator: OldDesignator=C7 NewDesignator=C8
Change Component Designator: OldDesignator=C8 NewDesignator=C9
Change Component Designator: OldDesignator=C9 NewDesignator=C12
Change Component Designator: OldDesignator=C10 NewDesignator=C2
Change Component Designator: OldDesignator=C11 NewDesignator=C3
Change Component Designator: OldDesignator=C12 NewDesignator=C5
Change Component Designator: OldDesignator=L5 NewDesignator=L2
Change Component Designator: OldDesignator=L6 NewDesignator=L3
Change Component Designator: OldDesignator=R21 NewDesignator=R2
Change Component Designator: OldDesignator=R22 NewDesignator=R3
Change Component Designator: OldDesignator=R23 NewDesignator=R4
Change Component Designator: OldDesignator=R24 NewDesignator=R1
Change Component Designator: OldDesignator=R25 NewDesignator=R5
Change Component Designator: OldDesignator=R26 NewDesignator=R7
Change Component Designator: OldDesignator=R27 NewDesignator=R8
Change Component Designator: OldDesignator=R28 NewDesignator=R9
Change Component Designator: OldDesignator=R29 NewDesignator=R10
Change Component Designator: OldDesignator=R30 NewDesignator=R11
Change Component Designator: OldDesignator=R31 NewDesignator=R12
Change Component Designator: OldDesignator=R32 NewDesignator=R13
Change Component Designator: OldDesignator=R33 NewDesignator=R14
Change Component Designator: OldDesignator=R34 NewDesignator=R15
Change Component Designator: OldDesignator=R35 NewDesignator=R16
Change Component Designator: OldDesignator=R36 NewDesignator=R19
Change Component Designator: OldDesignator=R37 NewDesignator=R20
Change Component Designator: OldDesignator=R38 NewDesignator=R18
Change Component Designator: OldDesignator=R39 NewDesignator=R21
Change Component Designator: OldDesignator=R40 NewDesignator=R24
Change Component Designator: OldDesignator=R41 NewDesignator=R25
Change Component Designator: OldDesignator=R42 NewDesignator=R26
Change Component Designator: OldDesignator=R43 NewDesignator=R27
Change Component Designator: OldDesignator=R44 NewDesignator=R22
Change Component Designator: OldDesignator=R45 NewDesignator=R28
Change Component Designator: OldDesignator=R46 NewDesignator=R29
Change Component Designator: OldDesignator=R47 NewDesignator=R6
Change Component Designator: OldDesignator=R48 NewDesignator=R17
Change Component Designator: OldDesignator=R49 NewDesignator=R23
Change Component Designator: OldDesignator=VT7 NewDesignator=VT1
Change Component Designator: OldDesignator=VT12 NewDesignator=VT2
Change Component Designator: OldDesignator=VT13 NewDesignator=VT3
Change Component Designator: OldDesignator=VT14 NewDesignator=VT4
Change Component Designator: OldDesignator=VT15 NewDesignator=VT5
Change Component Designator: OldDesignator=VT16 NewDesignator=VT6
Change Component Designator: OldDesignator=VT17 NewDesignator=VT7
Change Component Designator: OldDesignator=VT18 NewDesignator=VT8
Change Component Designator: OldDesignator=VT19 NewDesignator=VT9
Change Component Designator: OldDesignator=VT20 NewDesignator=VT10
Change Component Designator: OldDesignator=VT21 NewDesignator=VT11
Change Net Name : Old Net Name=NetL5_1 New Net Name=NetL2_1
Change Net Name : Old Net Name=NetL5_2 New Net Name=NetL2_2
Change Net Name : Old Net Name=NetR21_1 New Net Name=NetR2_1
Change Net Name : Old Net Name=NetR22_1 New Net Name=NetR3_1
Change Net Name : Old Net Name=NetR23_1 New Net Name=NetR4_1
Change Net Name : Old Net Name=NetR24_1 New Net Name=NetR1_1
Change Net Name : Old Net Name=NetR27_1 New Net Name=NetR8_1
Change Net Name : Old Net Name=NetR28_2 New Net Name=NetR9_2
Change Net Name : Old Net Name=NetR29_1 New Net Name=NetR10_1
Change Net Name : Old Net Name=NetR30_2 New Net Name=NetR11_2
Change Net Name : Old Net Name=NetR32_2 New Net Name=NetR13_2
Change Net Name : Old Net Name=NetR33_2 New Net Name=NetR14_2
Change Net Name : Old Net Name=NetR34_2 New Net Name=NetR15_2
Change Net Name : Old Net Name=NetR35_2 New Net Name=NetR16_2
Change Net Name : Old Net Name=NetR36_1 New Net Name=NetR19_1
Change Net Name : Old Net Name=NetR37_1 New Net Name=NetR20_1
Change Net Name : Old Net Name=NetR40_1 New Net Name=NetR24_1
Change Net Name : Old Net Name=NetR41_2 New Net Name=NetR25_2
Change Net Name : Old Net Name=NetR42_1 New Net Name=NetR26_1
Change Net Name : Old Net Name=NetR43_2 New Net Name=NetR27_2
Change Net Name : Old Net Name=NetR45_2 New Net Name=NetR28_2
Change Net Name : Old Net Name=NetR46_2 New Net Name=NetR29_2
