Removed Pin From Net: NetName=NetR10_2 Pin=VT4-1
Removed Pin From Net: NetName=NetR4_1 Pin=VT4-2
Removed Pin From Net: NetName=GND Pin=VT4-3
Removed Pin From Net: NetName=NetR11_2 Pin=VT5-1
Removed Pin From Net: NetName=NetR6_1 Pin=VT5-2
Removed Pin From Net: NetName=GND Pin=VT5-3
Removed Pin From Net: NetName=NetR12_2 Pin=VT6-1
Removed Pin From Net: NetName=NetR8_1 Pin=VT6-2
Removed Pin From Net: NetName=GND Pin=VT6-3
Removed Pin From Net: NetName=NetR19_2 Pin=VT9-1
Removed Pin From Net: NetName=NetR15_1 Pin=VT9-2
Removed Pin From Net: NetName=GND Pin=VT9-3
Removed Pin From Net: NetName=NetR20_2 Pin=VT10-1
Removed Pin From Net: NetName=NetR17_1 Pin=VT10-2
Removed Pin From Net: NetName=GND Pin=VT10-3
Change Component Designator: OldDesignator=DD? NewDesignator=DD1
Change Component Designator: OldDesignator=DD? NewDesignator=DD2
Change Component Designator: OldDesignator=VT7 NewDesignator=VT8
Change Component Designator: OldDesignator=VT8 NewDesignator=VT9
Added Component: Designator=VT4(SOT23)
Add component (AddParameter): Name = "CurrentCE"; Value = "100mA"; VariantName = "[No Variations]"
Add component (AddParameter): Name = "CurrentGain"; Value = "420"; VariantName = "[No Variations]"
Add component (AddParameter): Name = "Frequency"; Value = "100MHz"; VariantName = "[No Variations]"
Add component (AddParameter): Name = "HelpURL"; Value = "https://www.digikey.com/product-detail/en/on-semiconductor/BC847CLT1G/BC847CLT1GOSCT-ND/917836"; VariantName = "[No Variations]"
Add component (AddParameter): Name = "Manufacturer"; Value = "ON Semiconductor"; VariantName = "[No Variations]"
Add component (AddParameter): Name = "MaxPower"; Value = "300mW"; VariantName = "[No Variations]"
Add component (AddParameter): Name = "Package"; Value = "SOT-23"; VariantName = "[No Variations]"
Add component (AddParameter): Name = "PartNumber"; Value = "MMBTA42"; VariantName = "[No Variations]"
Add component (AddParameter): Name = "Temperature"; Value = "-55...+125°C"; VariantName = "[No Variations]"
Add component (AddParameter): Name = "TypeTransistor"; Value = "NPN transistor"; VariantName = "[No Variations]"
Add component (AddParameter): Name = "ValueManufacturerPartNumber"; Value = "NPN transistor, 45V, 100mA, 100MHz, 300mW, 0.6V, 420, SOT-23, -55...+125°C"; VariantName = "[No Variations]"
Add component (AddParameter): Name = "VoltageCE"; Value = "45V"; VariantName = "[No Variations]"
Add component (AddParameter): Name = "VoltageSaturation"; Value = "0.6V"; VariantName = "[No Variations]"
Added Component: Designator=VT5(SOT23)
Add component (AddParameter): Name = "CurrentCE"; Value = "100mA"; VariantName = "[No Variations]"
Add component (AddParameter): Name = "CurrentGain"; Value = "420"; VariantName = "[No Variations]"
Add component (AddParameter): Name = "Frequency"; Value = "100MHz"; VariantName = "[No Variations]"
Add component (AddParameter): Name = "HelpURL"; Value = "https://www.digikey.com/product-detail/en/on-semiconductor/BC847CLT1G/BC847CLT1GOSCT-ND/917836"; VariantName = "[No Variations]"
Add component (AddParameter): Name = "Manufacturer"; Value = "ON Semiconductor"; VariantName = "[No Variations]"
Add component (AddParameter): Name = "MaxPower"; Value = "300mW"; VariantName = "[No Variations]"
Add component (AddParameter): Name = "Package"; Value = "SOT-23"; VariantName = "[No Variations]"
Add component (AddParameter): Name = "PartNumber"; Value = "MMBTA42"; VariantName = "[No Variations]"
Add component (AddParameter): Name = "Temperature"; Value = "-55...+125°C"; VariantName = "[No Variations]"
Add component (AddParameter): Name = "TypeTransistor"; Value = "NPN transistor"; VariantName = "[No Variations]"
Add component (AddParameter): Name = "ValueManufacturerPartNumber"; Value = "NPN transistor, 45V, 100mA, 100MHz, 300mW, 0.6V, 420, SOT-23, -55...+125°C"; VariantName = "[No Variations]"
Add component (AddParameter): Name = "VoltageCE"; Value = "45V"; VariantName = "[No Variations]"
Add component (AddParameter): Name = "VoltageSaturation"; Value = "0.6V"; VariantName = "[No Variations]"
Added Component: Designator=VT6(SOT23)
Add component (AddParameter): Name = "CurrentCE"; Value = "100mA"; VariantName = "[No Variations]"
Add component (AddParameter): Name = "CurrentGain"; Value = "420"; VariantName = "[No Variations]"
Add component (AddParameter): Name = "Frequency"; Value = "100MHz"; VariantName = "[No Variations]"
Add component (AddParameter): Name = "HelpURL"; Value = "https://www.digikey.com/product-detail/en/on-semiconductor/BC847CLT1G/BC847CLT1GOSCT-ND/917836"; VariantName = "[No Variations]"
Add component (AddParameter): Name = "Manufacturer"; Value = "ON Semiconductor"; VariantName = "[No Variations]"
Add component (AddParameter): Name = "MaxPower"; Value = "300mW"; VariantName = "[No Variations]"
Add component (AddParameter): Name = "Package"; Value = "SOT-23"; VariantName = "[No Variations]"
Add component (AddParameter): Name = "PartNumber"; Value = "MMBTA42"; VariantName = "[No Variations]"
Add component (AddParameter): Name = "Temperature"; Value = "-55...+125°C"; VariantName = "[No Variations]"
Add component (AddParameter): Name = "TypeTransistor"; Value = "NPN transistor"; VariantName = "[No Variations]"
Add component (AddParameter): Name = "ValueManufacturerPartNumber"; Value = "NPN transistor, 45V, 100mA, 100MHz, 300mW, 0.6V, 420, SOT-23, -55...+125°C"; VariantName = "[No Variations]"
Add component (AddParameter): Name = "VoltageCE"; Value = "45V"; VariantName = "[No Variations]"
Add component (AddParameter): Name = "VoltageSaturation"; Value = "0.6V"; VariantName = "[No Variations]"
Added Component: Designator=VT7(D2PAK)
Add component (AddParameter): Name = "CurrentCE"; Value = "100mA"; VariantName = "[No Variations]"
Add component (AddParameter): Name = "CurrentGain"; Value = "420"; VariantName = "[No Variations]"
Add component (AddParameter): Name = "Frequency"; Value = "100MHz"; VariantName = "[No Variations]"
Add component (AddParameter): Name = "HelpURL"; Value = "https://www.digikey.com/product-detail/en/on-semiconductor/BC847CLT1G/BC847CLT1GOSCT-ND/917836"; VariantName = "[No Variations]"
Add component (AddParameter): Name = "Manufacturer"; Value = "ON Semiconductor"; VariantName = "[No Variations]"
Add component (AddParameter): Name = "MaxPower"; Value = "300mW"; VariantName = "[No Variations]"
Add component (AddParameter): Name = "Package"; Value = "SOT-23"; VariantName = "[No Variations]"
Add component (AddParameter): Name = "PartNumber"; Value = "BC847CLT1G"; VariantName = "[No Variations]"
Add component (AddParameter): Name = "Temperature"; Value = "-55...+125°C"; VariantName = "[No Variations]"
Add component (AddParameter): Name = "TypeTransistor"; Value = "NPN transistor"; VariantName = "[No Variations]"
Add component (AddParameter): Name = "ValueManufacturerPartNumber"; Value = "NPN transistor, 45V, 100mA, 100MHz, 300mW, 0.6V, 420, SOT-23, -55...+125°C"; VariantName = "[No Variations]"
Add component (AddParameter): Name = "VoltageCE"; Value = "45V"; VariantName = "[No Variations]"
Add component (AddParameter): Name = "VoltageSaturation"; Value = "0.6V"; VariantName = "[No Variations]"
Added Component: Designator=VT10(SOT23)
Add component (AddParameter): Name = "CurrentCE"; Value = "100mA"; VariantName = "[No Variations]"
Add component (AddParameter): Name = "CurrentGain"; Value = "420"; VariantName = "[No Variations]"
Add component (AddParameter): Name = "Frequency"; Value = "100MHz"; VariantName = "[No Variations]"
Add component (AddParameter): Name = "HelpURL"; Value = "https://www.digikey.com/product-detail/en/on-semiconductor/BC847CLT1G/BC847CLT1GOSCT-ND/917836"; VariantName = "[No Variations]"
Add component (AddParameter): Name = "Manufacturer"; Value = "ON Semiconductor"; VariantName = "[No Variations]"
Add component (AddParameter): Name = "MaxPower"; Value = "300mW"; VariantName = "[No Variations]"
Add component (AddParameter): Name = "Package"; Value = "SOT-23"; VariantName = "[No Variations]"
Add component (AddParameter): Name = "PartNumber"; Value = "MMBTA42"; VariantName = "[No Variations]"
Add component (AddParameter): Name = "Temperature"; Value = "-55...+125°C"; VariantName = "[No Variations]"
Add component (AddParameter): Name = "TypeTransistor"; Value = "NPN transistor"; VariantName = "[No Variations]"
Add component (AddParameter): Name = "ValueManufacturerPartNumber"; Value = "NPN transistor, 45V, 100mA, 100MHz, 300mW, 0.6V, 420, SOT-23, -55...+125°C"; VariantName = "[No Variations]"
Add component (AddParameter): Name = "VoltageCE"; Value = "45V"; VariantName = "[No Variations]"
Add component (AddParameter): Name = "VoltageSaturation"; Value = "0.6V"; VariantName = "[No Variations]"
Added Component: Designator=VT11(SOT23)
Add component (AddParameter): Name = "CurrentCE"; Value = "100mA"; VariantName = "[No Variations]"
Add component (AddParameter): Name = "CurrentGain"; Value = "420"; VariantName = "[No Variations]"
Add component (AddParameter): Name = "Frequency"; Value = "100MHz"; VariantName = "[No Variations]"
Add component (AddParameter): Name = "HelpURL"; Value = "https://www.digikey.com/product-detail/en/on-semiconductor/BC847CLT1G/BC847CLT1GOSCT-ND/917836"; VariantName = "[No Variations]"
Add component (AddParameter): Name = "Manufacturer"; Value = "ON Semiconductor"; VariantName = "[No Variations]"
Add component (AddParameter): Name = "MaxPower"; Value = "300mW"; VariantName = "[No Variations]"
Add component (AddParameter): Name = "Package"; Value = "SOT-23"; VariantName = "[No Variations]"
Add component (AddParameter): Name = "PartNumber"; Value = "MMBTA42"; VariantName = "[No Variations]"
Add component (AddParameter): Name = "Temperature"; Value = "-55...+125°C"; VariantName = "[No Variations]"
Add component (AddParameter): Name = "TypeTransistor"; Value = "NPN transistor"; VariantName = "[No Variations]"
Add component (AddParameter): Name = "ValueManufacturerPartNumber"; Value = "NPN transistor, 45V, 100mA, 100MHz, 300mW, 0.6V, 420, SOT-23, -55...+125°C"; VariantName = "[No Variations]"
Add component (AddParameter): Name = "VoltageCE"; Value = "45V"; VariantName = "[No Variations]"
Add component (AddParameter): Name = "VoltageSaturation"; Value = "0.6V"; VariantName = "[No Variations]"
Added Pin To Net: NetName=NetR10_2 Pin=VT4-1
Added Pin To Net: NetName=GND Pin=VT4-2
Added Pin To Net: NetName=NetR4_1 Pin=VT4-3
Added Pin To Net: NetName=NetR11_2 Pin=VT5-1
Added Pin To Net: NetName=GND Pin=VT5-2
Added Pin To Net: NetName=NetR6_1 Pin=VT5-3
Added Pin To Net: NetName=NetR12_2 Pin=VT6-1
Added Pin To Net: NetName=GND Pin=VT6-2
Added Pin To Net: NetName=NetR8_1 Pin=VT6-3
Added Pin To Net: NetName=NetR19_2 Pin=VT10-1
Added Pin To Net: NetName=GND Pin=VT10-2
Added Pin To Net: NetName=NetR15_1 Pin=VT10-3
Added Pin To Net: NetName=NetR20_2 Pin=VT11-1
Added Pin To Net: NetName=GND Pin=VT11-2
Added Pin To Net: NetName=NetR17_1 Pin=VT11-3
Added Member To Class: ClassName=NixieClock Member=Component DD2 1986??8?
Added Member To Class: ClassName=Clock Member=Component VT11 NPN transistor, 45V, 100mA, 100MHz, 300mW, 0.6V, 420, SOT-23, -55...+125°C
Added Room: Name=Clock
Added Room: Name=NixieClock
