Change Footprint: Cannot match pads with new footprint in component :HL1 Footprint:IN-12
Change Footprint: Cannot match pads with new footprint in component :HL2 Footprint:IN-12
Change Footprint: Cannot match pads with new footprint in component :HL3 Footprint:IN-12
Change Footprint: Cannot match pads with new footprint in component :HL4 Footprint:IN-12
Change Component Designator: OldDesignator=R8 NewDesignator=R9
Change Component Designator: OldDesignator=R9 NewDesignator=R10
Change Component Designator: OldDesignator=R10 NewDesignator=R11
Change Component Designator: OldDesignator=R11 NewDesignator=R12
Change Component Designator: OldDesignator=R12 NewDesignator=R8
Added Component: Designator=C15(CAP: 0805)
Add component (AddParameter): Name = "HelpURL"; Value = "https://www.digikey.com/product-detail/en/yageo/CC0805KRX7R7BB104/311-1142-1-ND/303052"; VariantName = "[No Variations]"
Add component (AddParameter): Name = "Manufacturer"; Value = "Yageo"; VariantName = "[No Variations]"
Add component (AddParameter): Name = "Package"; Value = "0805"; VariantName = "[No Variations]"
Add component (AddParameter): Name = "PartNumber"; Value = "CC0805KRX7R7BB104"; VariantName = "[No Variations]"
Add component (AddParameter): Name = "Temperature"; Value = "-55...+125°C"; VariantName = "[No Variations]"
Add component (AddParameter): Name = "Tolerance"; Value = "±10%"; VariantName = "[No Variations]"
Add component (AddParameter): Name = "TypeCapacitor"; Value = "Ceramic capacitor"; VariantName = "[No Variations]"
Add component (AddParameter): Name = "TypeDielectric"; Value = "X7R"; VariantName = "[No Variations]"
Add component (AddParameter): Name = "Value"; Value = "0.1µF"; VariantName = "[No Variations]"
Add component (AddParameter): Name = "ValueManufacturerPartNumber"; Value = "Ceramic capacitor, 0.1µF, X7R, ±10%, 16V, 0805, -55...+125°C"; VariantName = "[No Variations]"
Add component (AddParameter): Name = "Voltage"; Value = "16V"; VariantName = "[No Variations]"
Added Component: Designator=C16(CAP: 0805)
Add component (AddParameter): Name = "HelpURL"; Value = "https://www.digikey.com/product-detail/en/yageo/CC0805KRX7R7BB104/311-1142-1-ND/303052"; VariantName = "[No Variations]"
Add component (AddParameter): Name = "Manufacturer"; Value = "Yageo"; VariantName = "[No Variations]"
Add component (AddParameter): Name = "Package"; Value = "0805"; VariantName = "[No Variations]"
Add component (AddParameter): Name = "PartNumber"; Value = "CC0805KRX7R7BB104"; VariantName = "[No Variations]"
Add component (AddParameter): Name = "Temperature"; Value = "-55...+125°C"; VariantName = "[No Variations]"
Add component (AddParameter): Name = "Tolerance"; Value = "±10%"; VariantName = "[No Variations]"
Add component (AddParameter): Name = "TypeCapacitor"; Value = "Ceramic capacitor"; VariantName = "[No Variations]"
Add component (AddParameter): Name = "TypeDielectric"; Value = "X7R"; VariantName = "[No Variations]"
Add component (AddParameter): Name = "Value"; Value = "0.1µF"; VariantName = "[No Variations]"
Add component (AddParameter): Name = "ValueManufacturerPartNumber"; Value = "Ceramic capacitor, 0.1µF, X7R, ±10%, 16V, 0805, -55...+125°C"; VariantName = "[No Variations]"
Add component (AddParameter): Name = "Voltage"; Value = "16V"; VariantName = "[No Variations]"
Added Component: Designator=C17(CAP: TANTAL-C)
Add component (AddParameter): Name = "HelpURL"; Value = "https://www.digikey.com/product-detail/en/avx-corporation/F931E226MCC/478-8314-1-ND/4006045"; VariantName = "[No Variations]"
Add component (AddParameter): Name = "Impedance"; Value = "1.1Ohm"; VariantName = "[No Variations]"
Add component (AddParameter): Name = "Manufacturer"; Value = "AVX"; VariantName = "[No Variations]"
Add component (AddParameter): Name = "Package"; Value = "case C (6032)"; VariantName = "[No Variations]"
Add component (AddParameter): Name = "PartNumber"; Value = "F931E226MCC"; VariantName = "[No Variations]"
Add component (AddParameter): Name = "Temperature"; Value = "-55...+125°C"; VariantName = "[No Variations]"
Add component (AddParameter): Name = "Tolerance"; Value = "±10%"; VariantName = "[No Variations]"
Add component (AddParameter): Name = "TypeCapacitor"; Value = "Tantalum capacitor"; VariantName = "[No Variations]"
Add component (AddParameter): Name = "TypeDielectric"; Value = "X7R"; VariantName = "[No Variations]"
Add component (AddParameter): Name = "Value"; Value = "22µF"; VariantName = "[No Variations]"
Add component (AddParameter): Name = "ValueManufacturerPartNumber"; Value = "Tantalum capacitor, 22µF, 25V, ±10%, 1.1Ohm, case C (6032), -55...+125°C"; VariantName = "[No Variations]"
Add component (AddParameter): Name = "Voltage"; Value = "25V"; VariantName = "[No Variations]"
Added Component: Designator=DA1(SOT-223)
Add component (AddParameter): Name = "ComponentLink1Description"; Value = "DataSheet"; VariantName = "[No Variations]"
Add component (AddParameter): Name = "ComponentLink1Url"; Value = "http://is/datasheet/files/AD_Library_Pdf/Microchip/SPX1117.PDF"; VariantName = "[No Variations]"
Add component (AddParameter): Name = "Device Type"; Value = "??????????"; VariantName = "[No Variations]"
Add component (AddParameter): Name = "ManufacturerPartNumber"; Value = "?????????? SPX1117M3-3-3 Sipex Corporation"; VariantName = "[No Variations]"
Add component (AddParameter): Name = "Nominal"; Value = "0"; VariantName = "[No Variations]"
Add component (AddParameter): Name = "Part Number"; Value = "SPX1117M3-3-3"; VariantName = "[No Variations]"
Add component (AddParameter): Name = "Value"; Value = "0"; VariantName = "[No Variations]"
Add component (AddParameter): Name = "??? ???????"; Value = "1"; VariantName = "[No Variations]"
Add component (AddParameter): Name = "????"; Value = "Sipex Corporation"; VariantName = "[No Variations]"
Add component (AddParameter): Name = "?????"; Value = "??????????"; VariantName = "[No Variations]"
Add component (AddParameter): Name = "???? Imbase"; Value = "i60026C50B6529001B29"; VariantName = "[No Variations]"
Add component (AddParameter): Name = "???-?? ???? SMD"; Value = "12"; VariantName = "[No Variations]"
Add component (AddParameter): Name = "???-?? ???? ????????"; Value = "0"; VariantName = "[No Variations]"
Add component (AddParameter): Name = "?????????????"; Value = "+_???1-6,+_?,+_?,+_?,?,?_?,?_?,???,???,?,?,??,??_?"; VariantName = "[No Variations]"
Added Pin To Net: NetName=GND Pin=C15-1
Added Pin To Net: NetName=+5V Pin=C15-2
Added Pin To Net: NetName=GND Pin=C16-1
Added Pin To Net: NetName=VDD Pin=C16-2
Added Pin To Net: NetName=VDD Pin=C17-1
Added Pin To Net: NetName=GND Pin=C17-2
Added Pin To Net: NetName=GND Pin=DA1-1
Added Pin To Net: NetName=VDD Pin=DA1-2
Added Pin To Net: NetName=+5V Pin=DA1-3
Added Pin To Net: NetName=VDD Pin=DA1-4
Change Net Name : Old Net Name=NetR8_1 New Net Name=NetR9_1
Change Net Name : Old Net Name=NetR9_2 New Net Name=NetR10_2
Change Net Name : Old Net Name=NetR10_1 New Net Name=NetR11_1
Change Net Name : Old Net Name=NetR11_2 New Net Name=NetR12_2
Change Net Name : Old Net Name=NetR12_1 New Net Name=NetR8_1
Added Member To Class: ClassName=NixieClock Member=Component C15 Ceramic capacitor, 0.1µF, X7R, ±10%, 16V, 0805, -55...+125°C
Added Member To Class: ClassName=NixieClock Member=Component C16 Ceramic capacitor, 0.1µF, X7R, ±10%, 16V, 0805, -55...+125°C
Added Member To Class: ClassName=NixieClock Member=Component C17 Tantalum capacitor, 22µF, 25V, ±10%, 1.1Ohm, case C (6032), -55...+125°C
Added Member To Class: ClassName=NixieClock Member=Component DA1 SPX1117M3-3-3
